<?xml version="1.0" encoding="UTF-8"?>
<beans xmlns="http://www.springframework.org/schema/beans"
	xmlns:xsi="http://www.w3.org/2001/XMLSchema-instance"
	xsi:schemaLocation="http://www.springframework.org/schema/beans https://www.springframework.org/schema/beans/spring-beans.xsd">
	
	<bean id="userService" class="com.springbook.practice.service.UserService">
		<property name="userDAO" ref="userDAO"/>
		<property name="userLevelUpgradePolicy" ref="userLevelUpgradePolicy"/>
		<property name="transactionManager" ref="transactionManager"/>
	</bean>
	
	<bean id="userDAO" class="com.springbook.practice.dao.UserDAOJdbc">
		<property name="dataSource" ref="dataSource"/>
	</bean>
	
	<bean id="userLevelUpgradePolicy" class="com.springbook.practice.service.UserLevelUpgradePolicyCommon">
		<property name="userDAO" ref="userDAO"/>
		<property name="mailSender" ref="mailSender"/>
	</bean>
	
	<bean id="transactionManager" class="org.springframework.jdbc.datasource.DataSourceTransactionManager">
		<property name="dataSource" ref="dataSource"/>
	</bean>
	
	<bean id="mailSender" class="com.springbook.practice.service.DummyMailSender" />
	
	<bean id="dataSource" class="org.springframework.jdbc.datasource.SimpleDriverDataSource">
		<property name="driverClass" value="com.mysql.jdbc.Driver"/>
		<property name="url" value="jdbc:mysql://127.0.0.1/springbook"/>
		<property name="username" value="root"/>
		<property name="password" value="1234"/>
	</bean>
</beans>

